<?xml version="1.0" encoding="UTF-8"?>
<!-- Generated by org.testng.reporters.JUnitReportReporter -->
<testsuite skipped="0" hostname="hdh-PC" name="scripts.TestValidLogin" tests="1" failures="0" timestamp="24 Jan 2018 14:35:12 GMT" time="58.331" errors="0">
  <testcase name="testValidLogin" time="58.331" classname="scripts.TestValidLogin"/>
</testsuite> <!-- scripts.TestValidLogin -->
